Drill Listing
=============
Drill: .01181  Tool: 1  Feed: 95  Speed: 300
X 37500  Y 204952
X 37500  Y 202984
X 37500  Y 201015
X 37500  Y 199047
X 134500  Y 204452
X 134500  Y 202484
X 134500  Y 200515
X 134500  Y 198547
X 227000  Y 211452
X 227000  Y 209484
X 227000  Y 207515
X 227000  Y 205547

Drill: .014  Tool: 2  Feed: 95  Speed: 300
X 95500  Y -5500
X 95500  Y -11250
X 99250  Y -1500
X 99250  Y -15000
X 107000  Y -17000
X 123500  Y -15000
X 127000  Y -11250
X 140000  Y 500
X 143500  Y -9500
X 143500  Y 4000
X 147000  Y 500
X 147000  Y -5500
X 147000  Y -9500
X 175000  Y 4000
X 182500  Y 4000
X 186500  Y 4000
X 235000  Y -15000
X 235000  Y 0
X 235000  Y -5000
X 235000  Y -10000
X 235000  Y -20000
X 240000  Y -20000
X 244000  Y -5000
X 245000  Y -20000
X 246500  Y 500
X 250000  Y -20000
X 254000  Y 500
X 254500  Y -11500
X 255000  Y -20000
X 256500  Y -5000
X 260000  Y -20000
X 265000  Y -20000
X 268500  Y -5500
X 270000  Y -20000
X 275000  Y -20000
X 276500  Y -5500
X 280000  Y -20000
X 285000  Y -20000
X 290000  Y -20000
X 295000  Y -20000
X 295500  Y -500
X 300000  Y -20000
X 305000  Y -4500
X 305000  Y -20000
X 310000  Y -20000
X 310500  Y -500
X 315000  Y -20000
X 320000  Y -4500
X 320000  Y -20000
X 325000  Y -20000
X 330000  Y -20000
X 335000  Y -20000
X 340000  Y -20000
X 345000  Y -20000
X 350000  Y -20000
X 355000  Y -20000
X 360000  Y -20000
X 365000  Y -20000
X 370000  Y -20000
X 374500  Y -1500
X 374500  Y -7500
X 375000  Y -20000
X 380000  Y -20000
X 385000  Y -20000
X 390000  Y -20000
X 391000  Y -7500
X 391500  Y 2500
X 395000  Y -20000
X 400000  Y -20000
X 405000  Y -20000
X 410000  Y -20000
X 415000  Y -20000
X 417500  Y -9000
X 420000  Y -20000
X 423000  Y -6000
X 423000  Y 0
X 425000  Y -20000
X 430000  Y -20000
X 431000  Y -6000
X 431000  Y 0
X 435000  Y 4000
X 435000  Y -20000
X 440000  Y -20000
X 440500  Y -12000
X 444000  Y -11500
X 445000  Y -20000
X 447500  Y -11000
X 449000  Y -2000
X 450000  Y -20000
X 455000  Y -20000
X 460000  Y -20000
X 465000  Y -20000
X 470000  Y -20000
X 475000  Y -20000
X 480000  Y -20000
X 485000  Y -20000
X 490000  Y -20000
X 495000  Y -20000
X 500000  Y -20000
X 505000  Y -20000
X 510000  Y -20000
X 515000  Y -20000
X 520000  Y -20000
X 525000  Y -20000
X 530000  Y -20000
X 535000  Y -20000
X 540000  Y -20000
X 545000  Y -20000
X 523500  Y 7500
X 523500  Y 17500
X 507500  Y 7500
X 507500  Y 17500
X 477500  Y 8000
X 465500  Y 29000
X 463000  Y 19000
X 463000  Y 25000
X 455500  Y 25000
X 455000  Y 5000
X 447500  Y 22500
X 447500  Y 12500
X 447500  Y 27500
X 447500  Y 17500
X 445000  Y 25000
X 445000  Y 15000
X 445000  Y 20000
X 442500  Y 27500
X 442500  Y 22500
X 442500  Y 17500
X 442500  Y 12500
X 440000  Y 25000
X 440000  Y 20000
X 440000  Y 15000
X 437500  Y 27500
X 437500  Y 22500
X 437500  Y 17500
X 437500  Y 12500
X 435000  Y 25000
X 435000  Y 20000
X 435000  Y 15000
X 432500  Y 12500
X 432500  Y 17500
X 432500  Y 22500
X 432500  Y 27500
X 424500  Y 25000
X 420000  Y 25500
X 414000  Y 26000
X 410000  Y 8500
X 406500  Y 25000
X 385500  Y 25000
X 374500  Y 6500
X 374500  Y 12500
X 374500  Y 27500
X 353000  Y 20500
X 331500  Y 13000
X 324500  Y 22000
X 324500  Y 18000
X 320500  Y 11000
X 320000  Y 27500
X 315000  Y 17500
X 315000  Y 22500
X 312500  Y 20000
X 310500  Y 7000
X 310000  Y 17500
X 310000  Y 22500
X 305000  Y 27500
X 304500  Y 11000
X 295500  Y 7000
X 282500  Y 15500
X 282500  Y 21500
X 262500  Y 15500
X 262500  Y 21500
X 235000  Y 15000
X 235000  Y 20000
X 235000  Y 10000
X 235000  Y 5000
X 235000  Y 25000
X 204000  Y 15500
X 198000  Y 15500
X 193500  Y 24000
X 193500  Y 19500
X 192000  Y 15500
X 192000  Y 8000
X 185500  Y 19000
X 185000  Y 27500
X 180000  Y 27500
X 174500  Y 19500
X 166000  Y 19500
X 162500  Y 24500
X 159000  Y 19500
X 152500  Y 19500
X 134500  Y 29000
X 90000  Y 22000
X 72500  Y 21000
X 62500  Y 28500
X 46500  Y 27500
X 38500  Y 24000
X 32500  Y 19000
X 24000  Y 19000
X 12500  Y 19000
X -5500  Y 20000
X -12000  Y 21250
X -15500  Y 21250
X -15500  Y 25000
X -15500  Y 31500
X -15000  Y 40000
X -15000  Y 45000
X -15000  Y 50000
X -12000  Y 35000
X -10000  Y 40000
X -10000  Y 45000
X 2000  Y 51750
X 26000  Y 35500
X 32500  Y 35500
X 37500  Y 35500
X 37500  Y 31000
X 46500  Y 42500
X 46500  Y 35000
X 46500  Y 50000
X 73500  Y 32500
X 74000  Y 47000
X 83500  Y 36000
X 85000  Y 43000
X 85000  Y 47000
X 85500  Y 33000
X 107000  Y 40500
X 107000  Y 48000
X 126000  Y 45000
X 130500  Y 45000
X 142000  Y 49000
X 142000  Y 53000
X 164000  Y 49500
X 168000  Y 47500
X 172500  Y 51000
X 180000  Y 32500
X 182500  Y 30000
X 185000  Y 32500
X 192500  Y 51000
X 193000  Y 37500
X 193000  Y 45000
X 200500  Y 47500
X 216500  Y 47500
X 235000  Y 35000
X 235000  Y 40000
X 235000  Y 30000
X 235000  Y 50000
X 235000  Y 45000
X 262500  Y 41500
X 282500  Y 41500
X 374500  Y 41500
X 374500  Y 33500
X 374500  Y 47500
X 396500  Y 45000
X 410000  Y 31000
X 411000  Y 45000
X 425000  Y 43000
X 430000  Y 35000
X 431000  Y 43000
X 435500  Y 35500
X 438500  Y 43000
X 444500  Y 43000
X 445000  Y 35000
X 452000  Y 43000
X 458000  Y 43000
X 477500  Y 31500
X 480000  Y 44000
X 480000  Y 47000
X 482000  Y 31000
X 482000  Y 38000
X 487500  Y 49500
X 545000  Y 68000
X 545000  Y 74000
X 545000  Y 57500
X 542000  Y 68000
X 542000  Y 74000
X 540000  Y 57500
X 520000  Y 57500
X 515000  Y 57500
X 510500  Y 76000
X 510000  Y 57500
X 505000  Y 57500
X 500000  Y 57500
X 497500  Y 76000
X 495000  Y 57500
X 490500  Y 70000
X 490000  Y 57500
X 487000  Y 70000
X 485000  Y 57500
X 480000  Y 57500
X 475000  Y 57500
X 474000  Y 74000
X 473500  Y 67000
X 470000  Y 57500
X 465000  Y 57500
X 460000  Y 57500
X 455000  Y 57500
X 450000  Y 57500
X 445000  Y 57500
X 440000  Y 57500
X 435000  Y 57500
X 431500  Y 74000
X 430000  Y 57500
X 425000  Y 57500
X 420000  Y 57500
X 415000  Y 67000
X 415000  Y 57500
X 411200  Y 76700
X 396500  Y 57000
X 396500  Y 65000
X 382700  Y 76700
X 380000  Y 57500
X 375000  Y 57500
X 365000  Y 57500
X 352500  Y 68750
X 350000  Y 57500
X 345000  Y 57500
X 340000  Y 57500
X 335000  Y 57500
X 330500  Y 77500
X 330500  Y 64000
X 330000  Y 57500
X 325000  Y 57500
X 323000  Y 77500
X 323000  Y 64000
X 320000  Y 57500
X 315500  Y 64000
X 315000  Y 57500
X 312000  Y 77500
X 310000  Y 57500
X 308000  Y 64000
X 308000  Y 77500
X 305000  Y 57500
X 300000  Y 64000
X 300000  Y 57500
X 295000  Y 57500
X 294000  Y 64000
X 290500  Y 74500
X 290000  Y 57500
X 285000  Y 57500
X 280000  Y 57500
X 267500  Y 65000
X 267500  Y 70000
X 265000  Y 67500
X 265000  Y 72500
X 265000  Y 57500
X 262500  Y 70000
X 262500  Y 65000
X 260000  Y 67500
X 260000  Y 72500
X 260000  Y 57500
X 255000  Y 57500
X 250000  Y 57500
X 245000  Y 57500
X 240000  Y 57500
X 235000  Y 55000
X 235000  Y 60000
X 196000  Y 64500
X 193500  Y 58000
X 175500  Y 78000
X 171500  Y 58000
X 169000  Y 64500
X 142000  Y 69000
X 142000  Y 73000
X 142000  Y 61000
X 130500  Y 76500
X 130500  Y 65000
X 130500  Y 57000
X 126000  Y 76500
X 126000  Y 65000
X 107000  Y 63000
X 107000  Y 79000
X 107000  Y 70500
X 107000  Y 55500
X 97000  Y 74500
X 92500  Y 79000
X 90000  Y 70500
X 87000  Y 75000
X 83000  Y 75000
X 82000  Y 56500
X 82000  Y 64500
X 82000  Y 60500
X 78000  Y 60500
X 78000  Y 64500
X 78000  Y 56500
X 74000  Y 64500
X 74000  Y 56500
X 74000  Y 60500
X 67000  Y 72000
X 62500  Y 67500
X 62000  Y 61500
X 62000  Y 58000
X 47500  Y 61500
X 46500  Y 72500
X 46500  Y 65000
X 46500  Y 57500
X 10000  Y 67500
X 10000  Y 72500
X 10000  Y 62500
X 1750  Y 62500
X 1750  Y 67500
X 1750  Y 72500
X -15000  Y 55000
X 500  Y 99000
X 500  Y 102250
X 2250  Y 82000
X 5000  Y 102250
X 5000  Y 95000
X 10000  Y 102750
X 10000  Y 95000
X 60500  Y 102000
X 62500  Y 91500
X 62500  Y 86500
X 66000  Y 101500
X 69500  Y 91500
X 77500  Y 83000
X 84500  Y 96500
X 88000  Y 100000
X 97500  Y 96500
X 97500  Y 89000
X 107000  Y 104000
X 109500  Y 86500
X 109500  Y 90500
X 109500  Y 94500
X 126000  Y 88500
X 126000  Y 96500
X 130500  Y 88500
X 130500  Y 96500
X 146000  Y 101500
X 175500  Y 85500
X 175500  Y 100500
X 175500  Y 93000
X 238000  Y 104000
X 238000  Y 97000
X 238000  Y 89500
X 279000  Y 102500
X 294000  Y 81000
X 294000  Y 103000
X 294000  Y 87000
X 307500  Y 95000
X 307500  Y 90000
X 307500  Y 100000
X 310000  Y 97500
X 310000  Y 92500
X 312500  Y 100000
X 312500  Y 95000
X 312500  Y 90000
X 315000  Y 97500
X 315000  Y 92500
X 317500  Y 100000
X 317500  Y 90000
X 317500  Y 95000
X 328000  Y 100500
X 329610  Y 82500
X 332000  Y 88500
X 345000  Y 88500
X 349000  Y 86500
X 358000  Y 85000
X 367500  Y 101000
X 368500  Y 96000
X 377500  Y 101000
X 382700  Y 88400
X 383000  Y 96000
X 396000  Y 100500
X 396000  Y 104500
X 411500  Y 88400
X 411500  Y 96500
X 430500  Y 91000
X 442500  Y 92500
X 442500  Y 87500
X 447500  Y 87500
X 447500  Y 92500
X 452000  Y 81000
X 473500  Y 88000
X 473500  Y 95000
X 474000  Y 102000
X 474000  Y 81000
X 516000  Y 92500
X 523500  Y 92500
X 531000  Y 92500
X 538500  Y 92500
X 538500  Y 120500
X 538500  Y 106500
X 535000  Y 128500
X 531000  Y 120500
X 531000  Y 106500
X 523500  Y 120500
X 523500  Y 106500
X 516000  Y 120500
X 516000  Y 106500
X 515500  Y 127000
X 474000  Y 109000
X 471000  Y 117500
X 467500  Y 127000
X 455000  Y 107500
X 449000  Y 107500
X 448500  Y 128000
X 441000  Y 107500
X 435000  Y 107500
X 426000  Y 123500
X 422500  Y 119000
X 417000  Y 119000
X 398000  Y 116000
X 396000  Y 108000
X 396000  Y 112000
X 382000  Y 119500
X 382000  Y 128000
X 379500  Y 117000
X 379500  Y 124500
X 367500  Y 117500
X 364000  Y 122500
X 358000  Y 113000
X 354500  Y 111500
X 350000  Y 122500
X 349500  Y 105000
X 349500  Y 110000
X 347500  Y 113500
X 347000  Y 120000
X 342500  Y 124000
X 341500  Y 115000
X 341500  Y 120000
X 335500  Y 115000
X 331500  Y 115000
X 328000  Y 108000
X 328000  Y 122000
X 320500  Y 122000
X 318000  Y 108000
X 313500  Y 122000
X 313000  Y 108000
X 310000  Y 129000
X 309500  Y 113000
X 307000  Y 108000
X 307000  Y 129000
X 305000  Y 122000
X 301750  Y 112500
X 294000  Y 109000
X 288500  Y 109000
X 279000  Y 105500
X 253000  Y 106500
X 241500  Y 128000
X 238000  Y 119500
X 225500  Y 123500
X 225500  Y 120000
X 225500  Y 115500
X 215000  Y 120500
X 215000  Y 126000
X 215000  Y 108000
X 208500  Y 114500
X 202000  Y 115500
X 202000  Y 126000
X 202000  Y 108000
X 201750  Y 120000
X 191500  Y 120000
X 191500  Y 123500
X 186000  Y 122500
X 178500  Y 122500
X 142500  Y 112155
X 142500  Y 126000
X 142500  Y 116000
X 142500  Y 120000
X 142000  Y 108000
X 113500  Y 126000
X 113000  Y 117000
X 109500  Y 108000
X 105500  Y 120000
X 86500  Y 129000
X 86500  Y 121500
X 86500  Y 114000
X 73000  Y 121000
X 61500  Y 122500
X 10000  Y 107500
X 5000  Y 107500
X 4500  Y 115500
X -7000  Y 125000
X -7000  Y 120500
X -12000  Y 115500
X -12000  Y 120500
X -12000  Y 125000
X -14500  Y 106500
X -17500  Y 120500
X -17500  Y 115500
X -17500  Y 125000
X 76000  Y 139500
X 86500  Y 136500
X 93500  Y 151500
X 100000  Y 144500
X 107500  Y 145500
X 111000  Y 142000
X 127000  Y 143500
X 127000  Y 147500
X 141500  Y 151500
X 158500  Y 140500
X 160500  Y 132000
X 160500  Y 150500
X 161500  Y 146500
X 191000  Y 141000
X 197500  Y 142000
X 215000  Y 133500
X 219500  Y 142000
X 227000  Y 141000
X 242000  Y 150500
X 275000  Y 135000
X 278500  Y 138500
X 307000  Y 135000
X 310000  Y 135000
X 320000  Y 138000
X 320000  Y 141000
X 324000  Y 131500
X 337500  Y 146500
X 343000  Y 131500
X 365500  Y 144000
X 379000  Y 151500
X 397000  Y 135000
X 397000  Y 151500
X 397000  Y 148500
X 411000  Y 151500
X 426000  Y 130500
X 426000  Y 152500
X 426000  Y 137500
X 426500  Y 144500
X 433000  Y 152500
X 433000  Y 139500
X 446000  Y 139500
X 448500  Y 148000
X 450000  Y 134500
X 451500  Y 139500
X 454000  Y 148000
X 456500  Y 139500
X 467500  Y 144500
X 479000  Y 148000
X 489000  Y 148000
X 508000  Y 137500
X 516000  Y 137500
X 523500  Y 151500
X 531500  Y 151500
X 515500  Y 159500
X 508500  Y 159500
X 489000  Y 161000
X 465500  Y 160500
X 465500  Y 166500
X 449000  Y 171000
X 442500  Y 177000
X 436500  Y 177000
X 426000  Y 163500
X 411000  Y 163336
X 411000  Y 167000
X 396000  Y 155000
X 383000  Y 159500
X 383000  Y 156000
X 383000  Y 167000
X 383000  Y 163500
X 378500  Y 160000
X 370500  Y 160000
X 362000  Y 165500
X 333500  Y 173500
X 313000  Y 162000
X 305500  Y 162000
X 305500  Y 158500
X 298000  Y 162000
X 298000  Y 158500
X 290500  Y 158500
X 290500  Y 162000
X 283000  Y 158500
X 267500  Y 167500
X 267500  Y 172500
X 265000  Y 170000
X 265000  Y 175000
X 262500  Y 167500
X 262500  Y 172500
X 260000  Y 170000
X 260000  Y 175000
X 242000  Y 158000
X 162500  Y 175500
X 160500  Y 165500
X 157500  Y 160000
X 149500  Y 160000
X 146500  Y 165500
X 141500  Y 167500
X 141500  Y 159000
X 141500  Y 155500
X 141500  Y 163500
X 130000  Y 167500
X 126000  Y 167500
X 111000  Y 173000
X 97000  Y 168500
X 97000  Y 155500
X 97000  Y 161500
X 93500  Y 165000
X 93500  Y 155500
X 91000  Y 173000
X 90000  Y 155500
X 87500  Y 163500
X 84000  Y 155500
X 80000  Y 163500
X 77500  Y 157500
X 76500  Y 173000
X 72500  Y 162500
X 72500  Y 157500
X 67500  Y 157500
X 67500  Y 162500
X 65500  Y 173500
X 55500  Y 166500
X 55500  Y 163500
X 45000  Y 170000
X 40000  Y 170000
X 35000  Y 172500
X 35000  Y 169000
X 21000  Y 172500
X 21000  Y 165000
X -17500  Y 182500
X -12500  Y 182500
X -7500  Y 182500
X -2500  Y 182500
X 2500  Y 182500
X 7500  Y 182500
X 12500  Y 182500
X 17500  Y 182500
X 22500  Y 182500
X 27500  Y 182500
X 52500  Y 182500
X 57500  Y 182500
X 62500  Y 182500
X 67500  Y 182500
X 72500  Y 182500
X 77500  Y 182500
X 82500  Y 182500
X 87500  Y 182500
X 92500  Y 182500
X 97500  Y 182500
X 100000  Y 198500
X 102500  Y 182500
X 107500  Y 182500
X 112500  Y 182500
X 117500  Y 182500
X 122500  Y 182500
X 127500  Y 182500
X 132500  Y 182500
X 137500  Y 182500
X 142500  Y 182500
X 147500  Y 182500
X 161500  Y 200000
X 162500  Y 182500
X 167500  Y 182500
X 172500  Y 182500
X 177500  Y 182500
X 179500  Y 191500
X 182500  Y 182500
X 186500  Y 191500
X 187500  Y 182500
X 192500  Y 182500
X 194000  Y 191500
X 197500  Y 182500
X 201500  Y 191500
X 202500  Y 182500
X 207500  Y 182500
X 209000  Y 191500
X 212500  Y 182500
X 217500  Y 182500
X 222500  Y 182500
X 226000  Y 193000
X 226000  Y 190000
X 226500  Y 199500
X 227500  Y 182500
X 232500  Y 182500
X 237500  Y 182500
X 240500  Y 190000
X 242500  Y 182500
X 247500  Y 182500
X 250000  Y 190000
X 252500  Y 182500
X 253500  Y 201500
X 257500  Y 182500
X 262500  Y 182500
X 267500  Y 182500
X 272500  Y 182500
X 272500  Y 197500
X 277500  Y 182500
X 282500  Y 182500
X 287500  Y 182500
X 292000  Y 198000
X 297500  Y 182500
X 302500  Y 182500
X 307500  Y 182500
X 312500  Y 182500
X 317500  Y 182500
X 322500  Y 182500
X 327500  Y 182500
X 328000  Y 204000
X 332500  Y 182500
X 335000  Y 191000
X 337500  Y 182500
X 338000  Y 191000
X 352500  Y 182500
X 352500  Y 197500
X 352500  Y 192500
X 352500  Y 187500
X 352500  Y 202500
X 372000  Y 186000
X 387000  Y 186000
X 399000  Y 181000
X 399000  Y 184000
X 400000  Y 191000
X 400000  Y 198500
X 414000  Y 181000
X 414000  Y 191000
X 414000  Y 184000
X 414000  Y 187500
X 437500  Y 182500
X 442500  Y 182500
X 511500  Y 213000
X 493500  Y 213000
X 475500  Y 213000
X 445000  Y 208500
X 411500  Y 225500
X 411500  Y 219000
X 352500  Y 207500
X 352500  Y 227500
X 352500  Y 222500
X 352500  Y 217500
X 352500  Y 212500
X 338000  Y 206000
X 335000  Y 206000
X 320500  Y 205500
X 317000  Y 205500
X 313500  Y 205500
X 308500  Y 205500
X 292000  Y 213500
X 274500  Y 205500
X 272500  Y 214000
X 226000  Y 216000
X 205500  Y 224000
X 203500  Y 215500
X 199000  Y 222000
X 195500  Y 207000
X 195500  Y 210500
X 195500  Y 214000
X 195000  Y 225500
X 195000  Y 222000
X 192000  Y 214000
X 192000  Y 210500
X 192000  Y 207000
X 191000  Y 225500
X 188500  Y 214000
X 188500  Y 207000
X 188500  Y 210500
X 187000  Y 225500
X 183000  Y 218000
X 183000  Y 222000
X 180000  Y 205000
X 177500  Y 220000
X 171500  Y 220000
X 150500  Y 223500
X 135500  Y 214000
X 135500  Y 223500
X 135500  Y 220500
X 131500  Y 210000
X 120000  Y 220000
X 104500  Y 211000
X 97000  Y 211000
X 89500  Y 212500
X 67000  Y 212500
X 53500  Y 224000
X 39000  Y 224000
X 39000  Y 214000
X 39000  Y 221000
X 34500  Y 210500
X 23000  Y 220500
X -17500  Y 232500
X -12500  Y 232500
X -7500  Y 232500
X -2500  Y 232500
X 2500  Y 232500
X 7500  Y 232500
X 12500  Y 232500
X 17500  Y 232500
X 22500  Y 232500
X 27500  Y 232500
X 32500  Y 232500
X 37500  Y 232500
X 42500  Y 232500
X 47500  Y 232500
X 52500  Y 232500
X 57500  Y 232500
X 62500  Y 232500
X 67500  Y 232500
X 72500  Y 232500
X 77500  Y 232500
X 82500  Y 232500
X 87500  Y 232500
X 92500  Y 232500
X 97500  Y 232500
X 102500  Y 232500
X 107500  Y 232500
X 112500  Y 232500
X 117500  Y 232500
X 122500  Y 232500
X 127500  Y 232500
X 132500  Y 232500
X 137500  Y 232500
X 142500  Y 232500
X 147500  Y 232500
X 152500  Y 232500
X 157500  Y 232500
X 162500  Y 232500
X 167500  Y 232500
X 172500  Y 232500
X 177500  Y 232500
X 182500  Y 232500
X 187500  Y 232500
X 192500  Y 232500
X 197500  Y 232500
X 202500  Y 232500
X 207500  Y 232500
X 212500  Y 232500
X 217500  Y 232500
X 222500  Y 232500
X 227500  Y 232500
X 232500  Y 232500
X 237500  Y 232500
X 242500  Y 232500
X 247500  Y 232500
X 252500  Y 232500
X 257500  Y 232500
X 262500  Y 232500
X 267500  Y 232500
X 272500  Y 232500
X 277500  Y 232500
X 282500  Y 232500
X 287500  Y 232500
X 292500  Y 232500
X 297500  Y 232500
X 302500  Y 232500
X 307500  Y 232500
X 312500  Y 232500
X 317500  Y 232500
X 322500  Y 232500
X 327500  Y 232500
X 332500  Y 232500
X 337500  Y 232500
X 342500  Y 232500
X 347500  Y 232500
X 352500  Y 232500

Drill: .05512  Tool: 3  Feed: 107  Speed: 550
X 128125  Y 38533
X 128125  Y 173966
X 396875  Y 38533
X 396875  Y 173966

Drill: .059  Tool: 4  Feed: 107  Speed: 550
X -4400  Y 203100
X 530000  Y 197500
X 532600  Y 35500

Drill: .067  Tool: 5  Feed: 89  Speed: 550
X 522600  Y 25500
X 522600  Y 45500
X 542600  Y 45500
X 542600  Y 25500
X 540000  Y 187500
X 540000  Y 207500
X 520000  Y 187500
X 520000  Y 207500
X 5600  Y 213100
X 5600  Y 193100
X -14400  Y 193100
X -14400  Y 213100

Drill: .156  Tool: 6  Feed: 35  Speed: 900
X 0  Y 0
X 0  Y 160000
X 215000  Y 0
X 485000  Y 190000

End of Listing
